Determining if the pthread_create exist failed with the following output:
Change Dir: /home/user/catkin_workspace/build/kortex_driver/CMakeFiles/CMakeTmp

Run Build Command:"/usr/bin/make" "cmTC_17bcd/fast"
/usr/bin/make -f CMakeFiles/cmTC_17bcd.dir/build.make CMakeFiles/cmTC_17bcd.dir/build
make[1]: Entering directory '/home/user/catkin_workspace/build/kortex_driver/CMakeFiles/CMakeTmp'
Building C object CMakeFiles/cmTC_17bcd.dir/CheckSymbolExists.c.o
/usr/bin/cc     -o CMakeFiles/cmTC_17bcd.dir/CheckSymbolExists.c.o   -c /home/user/catkin_workspace/build/kortex_driver/CMakeFiles/CMakeTmp/CheckSymbolExists.c
Linking C executable cmTC_17bcd
/usr/bin/cmake -E cmake_link_script CMakeFiles/cmTC_17bcd.dir/link.txt --verbose=1
/usr/bin/cc       CMakeFiles/cmTC_17bcd.dir/CheckSymbolExists.c.o  -o cmTC_17bcd -rdynamic 
CMakeFiles/cmTC_17bcd.dir/CheckSymbolExists.c.o: In function `main':
CheckSymbolExists.c:(.text+0x16): undefined reference to `pthread_create'
collect2: error: ld returned 1 exit status
CMakeFiles/cmTC_17bcd.dir/build.make:97: recipe for target 'cmTC_17bcd' failed
make[1]: *** [cmTC_17bcd] Error 1
make[1]: Leaving directory '/home/user/catkin_workspace/build/kortex_driver/CMakeFiles/CMakeTmp'
Makefile:126: recipe for target 'cmTC_17bcd/fast' failed
make: *** [cmTC_17bcd/fast] Error 2

File /home/user/catkin_workspace/build/kortex_driver/CMakeFiles/CMakeTmp/CheckSymbolExists.c:
/* */
#include <pthread.h>

int main(int argc, char** argv)
{
  (void)argv;
#ifndef pthread_create
  return ((int*)(&pthread_create))[argc];
#else
  (void)argc;
  return 0;
#endif
}

Determining if the function pthread_create exists in the pthreads failed with the following output:
Change Dir: /home/user/catkin_workspace/build/kortex_driver/CMakeFiles/CMakeTmp

Run Build Command:"/usr/bin/make" "cmTC_88260/fast"
/usr/bin/make -f CMakeFiles/cmTC_88260.dir/build.make CMakeFiles/cmTC_88260.dir/build
make[1]: Entering directory '/home/user/catkin_workspace/build/kortex_driver/CMakeFiles/CMakeTmp'
Building C object CMakeFiles/cmTC_88260.dir/CheckFunctionExists.c.o
/usr/bin/cc    -DCHECK_FUNCTION_EXISTS=pthread_create   -o CMakeFiles/cmTC_88260.dir/CheckFunctionExists.c.o   -c /usr/share/cmake-3.5/Modules/CheckFunctionExists.c
Linking C executable cmTC_88260
/usr/bin/cmake -E cmake_link_script CMakeFiles/cmTC_88260.dir/link.txt --verbose=1
/usr/bin/cc   -DCHECK_FUNCTION_EXISTS=pthread_create    CMakeFiles/cmTC_88260.dir/CheckFunctionExists.c.o  -o cmTC_88260 -rdynamic -lpthreads 
/usr/bin/ld: cannot find -lpthreads
collect2: error: ld returned 1 exit status
CMakeFiles/cmTC_88260.dir/build.make:97: recipe for target 'cmTC_88260' failed
make[1]: *** [cmTC_88260] Error 1
make[1]: Leaving directory '/home/user/catkin_workspace/build/kortex_driver/CMakeFiles/CMakeTmp'
Makefile:126: recipe for target 'cmTC_88260/fast' failed
make: *** [cmTC_88260/fast] Error 2


